<?xml version="1.0" encoding="UTF-8"?>
<!-- Generated by org.testng.reporters.JUnitXMLReporter -->
<testsuite ignored="0" hostname="ANUGRAHA" failures="0" tests="6" name="Test" time="0.082" errors="0" timestamp="2022-02-28T22:24:39 IST">
  <testcase classname="qaclickacademy.Mavenjava.RestAPITest" name="postJIRA" time="0.007"/>
  <testcase classname="qaclickacademy.Mavenjava.RestAPITest" name="removeTwitter" time="0.001"/>
  <testcase classname="qaclickacademy.Mavenjava.AppiumTest" name="IOSApp" time="0.0"/>
  <testcase classname="qaclickacademy.Mavenjava.AppiumTest" name="NativeAppAndroid" time="0.001"/>
  <testcase classname="qaclickacademy.Mavenjava.SeleniumTest" name="browserAutomation" time="0.001"/>
  <testcase classname="qaclickacademy.Mavenjava.SeleniumTest" name="elementUI" time="0.001"/>
</testsuite> <!-- Test -->
