<?xml version="1.0" encoding="UTF-8"?>
<testng-results ignored="0" total="6" passed="6" failed="0" skipped="0">
  <reporter-output>
  </reporter-output>
  <suite started-at="2022-02-28T22:24:39 IST" name="Suite" finished-at="2022-02-28T22:24:39 IST" duration-ms="82">
    <groups>
    </groups>
    <test started-at="2022-02-28T22:24:39 IST" name="Test" finished-at="2022-02-28T22:24:39 IST" duration-ms="82">
      <class name="qaclickacademy.Mavenjava.RestAPITest">
        <test-method signature="postJIRA()[pri:0, instance:qaclickacademy.Mavenjava.RestAPITest@2aa5fe93]" started-at="2022-02-28T22:24:39 IST" name="postJIRA" finished-at="2022-02-28T22:24:39 IST" duration-ms="7" status="PASS">
          <reporter-output>
          </reporter-output>
        </test-method> <!-- postJIRA -->
        <test-method signature="removeTwitter()[pri:0, instance:qaclickacademy.Mavenjava.RestAPITest@2aa5fe93]" started-at="2022-02-28T22:24:39 IST" name="removeTwitter" finished-at="2022-02-28T22:24:39 IST" duration-ms="1" status="PASS">
          <reporter-output>
          </reporter-output>
        </test-method> <!-- removeTwitter -->
      </class> <!-- qaclickacademy.Mavenjava.RestAPITest -->
      <class name="qaclickacademy.Mavenjava.AppiumTest">
        <test-method signature="IOSApp()[pri:0, instance:qaclickacademy.Mavenjava.AppiumTest@3bd40a57]" started-at="2022-02-28T22:24:39 IST" name="IOSApp" finished-at="2022-02-28T22:24:39 IST" duration-ms="0" status="PASS">
          <reporter-output>
          </reporter-output>
        </test-method> <!-- IOSApp -->
        <test-method signature="NativeAppAndroid()[pri:0, instance:qaclickacademy.Mavenjava.AppiumTest@3bd40a57]" started-at="2022-02-28T22:24:39 IST" name="NativeAppAndroid" finished-at="2022-02-28T22:24:39 IST" duration-ms="1" status="PASS">
          <reporter-output>
          </reporter-output>
        </test-method> <!-- NativeAppAndroid -->
      </class> <!-- qaclickacademy.Mavenjava.AppiumTest -->
      <class name="qaclickacademy.Mavenjava.SeleniumTest">
        <test-method signature="browserAutomation()[pri:0, instance:qaclickacademy.Mavenjava.SeleniumTest@fdefd3f]" started-at="2022-02-28T22:24:39 IST" name="browserAutomation" finished-at="2022-02-28T22:24:39 IST" duration-ms="1" status="PASS">
          <reporter-output>
          </reporter-output>
        </test-method> <!-- browserAutomation -->
        <test-method signature="elementUI()[pri:0, instance:qaclickacademy.Mavenjava.SeleniumTest@fdefd3f]" started-at="2022-02-28T22:24:39 IST" name="elementUI" finished-at="2022-02-28T22:24:39 IST" duration-ms="1" status="PASS">
          <reporter-output>
          </reporter-output>
        </test-method> <!-- elementUI -->
      </class> <!-- qaclickacademy.Mavenjava.SeleniumTest -->
    </test> <!-- Test -->
  </suite> <!-- Suite -->
</testng-results>
